# SportBeaconAI CI/CD Recovery Log - SB-001-CRITICAL
# Started: $(Get-Date)
# Status: IN PROGRESS

## PHASE 1: ENVIRONMENT CONFIGURATION FIXES

### Step 1.1: Environment File Validation
- [ ] Validate .env files for all environments
- [ ] Inject Firebase credentials
- [ ] Create fallback-safe helper

### Step 1.2: Firebase Configuration
- [ ] Validate Firebase project connectivity
- [ ] Test Firebase Admin SDK
- [ ] Verify environment variables

## PHASE 2: SECURITY ROTATION

### Step 2.1: JWT Secret Rotation
- [ ] Generate new JWT secrets
- [ ] Update .env files
- [ ] Rotate API keys

### Step 2.2: RBAC Implementation
- [ ] Configure Firestore rules
- [ ] Enable audit logging
- [ ] Validate security setup

## PHASE 3: TEST INFRASTRUCTURE REPAIR

### Step 3.1: Jest Configuration
- [ ] Fix module resolution
- [ ] Resolve import/export issues
- [ ] Update test dependencies

### Step 3.2: Component Fixes
- [ ] Fix RecAuditPanel component
- [ ] Resolve AdminAuthContext
- [ ] Fix framework conflicts

## PHASE 4: LINT & DEPLOYMENT

### Step 4.1: ESLint Fixes
- [ ] Auto-fix ESLint errors
- [ ] Resolve remaining issues
- [ ] Update Firebase CLI

### Step 4.2: Firebase Functions
- [ ] Fix TypeScript conflicts
- [ ] Deploy functions
- [ ] Validate deployment

## PHASE 5: TEST VALIDATION

### Step 5.1: Unit Tests
- [ ] Run Jest test suite
- [ ] Validate test results
- [ ] Fix any failures

### Step 5.2: E2E Tests
- [ ] Run Cypress tests
- [ ] Validate workflows
- [ ] Performance testing

## PHASE 6: LAUNCH READINESS

### Step 6.1: Final Validation
- [ ] All tests passing
- [ ] ESLint clean
- [ ] Deployment successful

### Step 6.2: Production Ready
- [ ] Environment configured
- [ ] Security implemented
- [ ] Monitoring active

---
# Progress Updates: 